# JRE version: Java(TM) SE Runtime Environment (8.0_101-b13) (build 1.8.0_101-b13)
# Java VM: Java HotSpot(TM) 64-Bit Server VM (25.101-b13 mixed mode windows-amd64 compressed oops)
Heap:
 PSYoungGen      total 113664K, used 79076K [0x00000000d5c00000, 0x00000000def80000, 0x0000000100000000)
  eden space 106496K, 67% used [0x00000000d5c00000,0x00000000da256c60,0x00000000dc400000)
  from space 7168K, 98% used [0x00000000de880000,0x00000000def62650,0x00000000def80000)
  to   space 10752K, 0% used [0x00000000dda80000,0x00000000dda80000,0x00000000de500000)
 ParOldGen       total 62464K, used 11245K [0x0000000081400000, 0x0000000085100000, 0x00000000d5c00000)
  object space 62464K, 18% used [0x0000000081400000,0x0000000081efb628,0x0000000085100000)
 Metaspace       used 30380K, capacity 31352K, committed 31488K, reserved 1077248K
  class space    used 4177K, capacity 4559K, committed 4608K, reserved 1048576K
GC Heap History (10 events):
Event: 4.369 GC heap before
{Heap before GC invocations=3 (full 0):
 PSYoungGen      total 38400K, used 38378K [0x00000000d5c00000, 0x00000000d8680000, 0x0000000100000000)
  eden space 33280K, 100% used [0x00000000d5c00000,0x00000000d7c80000,0x00000000d7c80000)
  from space 5120K, 99% used [0x00000000d8180000,0x00000000d867a828,0x00000000d8680000)
  to   space 5120K, 0% used [0x00000000d7c80000,0x00000000d7c80000,0x00000000d8180000)
 ParOldGen       total 87552K, used 2537K [0x0000000081400000, 0x0000000086980000, 0x00000000d5c00000)
  object space 87552K, 2% used [0x0000000081400000,0x000000008167a640,0x0000000086980000)
 Metaspace       used 16688K, capacity 17028K, committed 17280K, reserved 1064960K
  class space    used 2301K, capacity 2412K, committed 2432K, reserved 1048576K
Event: 4.391 GC heap after
Heap after GC invocations=3 (full 0):
 PSYoungGen      total 38400K, used 5112K [0x00000000d5c00000, 0x00000000da700000, 0x0000000100000000)
  eden space 33280K, 0% used [0x00000000d5c00000,0x00000000d5c00000,0x00000000d7c80000)
  from space 5120K, 99% used [0x00000000d7c80000,0x00000000d817e030,0x00000000d8180000)
  to   space 5120K, 0% used [0x00000000da200000,0x00000000da200000,0x00000000da700000)
 ParOldGen       total 87552K, used 6074K [0x0000000081400000, 0x0000000086980000, 0x00000000d5c00000)
  object space 87552K, 6% used [0x0000000081400000,0x00000000819eebd0,0x0000000086980000)
 Metaspace       used 16688K, capacity 17028K, committed 17280K, reserved 1064960K
  class space    used 2301K, capacity 2412K, committed 2432K, reserved 1048576K
}
Event: 6.319 GC heap before
{Heap before GC invocations=4 (full 0):
 PSYoungGen      total 38400K, used 38392K [0x00000000d5c00000, 0x00000000da700000, 0x0000000100000000)
  eden space 33280K, 100% used [0x00000000d5c00000,0x00000000d7c80000,0x00000000d7c80000)
  from space 5120K, 99% used [0x00000000d7c80000,0x00000000d817e030,0x00000000d8180000)
  to   space 5120K, 0% used [0x00000000da200000,0x00000000da200000,0x00000000da700000)
 ParOldGen       total 87552K, used 6074K [0x0000000081400000, 0x0000000086980000, 0x00000000d5c00000)
  object space 87552K, 6% used [0x0000000081400000,0x00000000819eebd0,0x0000000086980000)
 Metaspace       used 19766K, capacity 20030K, committed 20224K, reserved 1067008K
  class space    used 2692K, capacity 2806K, committed 2816K, reserved 1048576K
Event: 6.353 GC heap after
Heap after GC invocations=4 (full 0):
 PSYoungGen      total 71680K, used 5112K [0x00000000d5c00000, 0x00000000da700000, 0x0000000100000000)
  eden space 66560K, 0% used [0x00000000d5c00000,0x00000000d5c00000,0x00000000d9d00000)
  from space 5120K, 99% used [0x00000000da200000,0x00000000da6fe010,0x00000000da700000)
  to   space 5120K, 0% used [0x00000000d9d00000,0x00000000d9d00000,0x00000000da200000)
 ParOldGen       total 87552K, used 10398K [0x0000000081400000, 0x0000000086980000, 0x00000000d5c00000)
  object space 87552K, 11% used [0x0000000081400000,0x0000000081e279a8,0x0000000086980000)
 Metaspace       used 19766K, capacity 20030K, committed 20224K, reserved 1067008K
  class space    used 2692K, capacity 2806K, committed 2816K, reserved 1048576K
}
Event: 6.586 GC heap before
{Heap before GC invocations=5 (full 0):
 PSYoungGen      total 71680K, used 18468K [0x00000000d5c00000, 0x00000000da700000, 0x0000000100000000)
  eden space 66560K, 20% used [0x00000000d5c00000,0x00000000d690b198,0x00000000d9d00000)
  from space 5120K, 99% used [0x00000000da200000,0x00000000da6fe010,0x00000000da700000)
  to   space 5120K, 0% used [0x00000000d9d00000,0x00000000d9d00000,0x00000000da200000)
 ParOldGen       total 87552K, used 10398K [0x0000000081400000, 0x0000000086980000, 0x00000000d5c00000)
  object space 87552K, 11% used [0x0000000081400000,0x0000000081e279a8,0x0000000086980000)
 Metaspace       used 20714K, capacity 21128K, committed 21248K, reserved 1067008K
  class space    used 2835K, capacity 2976K, committed 3072K, reserved 1048576K
Event: 6.605 GC heap after
Heap after GC invocations=5 (full 0):
 PSYoungGen      total 71680K, used 5112K [0x00000000d5c00000, 0x00000000df300000, 0x0000000100000000)
  eden space 66560K, 0% used [0x00000000d5c00000,0x00000000d5c00000,0x00000000d9d00000)
  from space 5120K, 99% used [0x00000000d9d00000,0x00000000da1fe050,0x00000000da200000)
  to   space 10752K, 0% used [0x00000000de880000,0x00000000de880000,0x00000000df300000)
 ParOldGen       total 87552K, used 11933K [0x0000000081400000, 0x0000000086980000, 0x00000000d5c00000)
  object space 87552K, 13% used [0x0000000081400000,0x0000000081fa7768,0x0000000086980000)
 Metaspace       used 20714K, capacity 21128K, committed 21248K, reserved 1067008K
  class space    used 2835K, capacity 2976K, committed 3072K, reserved 1048576K
}
Event: 6.605 GC heap before
{Heap before GC invocations=6 (full 1):
 PSYoungGen      total 71680K, used 5112K [0x00000000d5c00000, 0x00000000df300000, 0x0000000100000000)
  eden space 66560K, 0% used [0x00000000d5c00000,0x00000000d5c00000,0x00000000d9d00000)
  from space 5120K, 99% used [0x00000000d9d00000,0x00000000da1fe050,0x00000000da200000)
  to   space 10752K, 0% used [0x00000000de880000,0x00000000de880000,0x00000000df300000)
 ParOldGen       total 87552K, used 11933K [0x0000000081400000, 0x0000000086980000, 0x00000000d5c00000)
  object space 87552K, 13% used [0x0000000081400000,0x0000000081fa7768,0x0000000086980000)
 Metaspace       used 20714K, capacity 21128K, committed 21248K, reserved 1067008K
  class space    used 2835K, capacity 2976K, committed 3072K, reserved 1048576K
Event: 6.717 GC heap after
Heap after GC invocations=6 (full 1):
 PSYoungGen      total 71680K, used 0K [0x00000000d5c00000, 0x00000000df300000, 0x0000000100000000)
  eden space 66560K, 0% used [0x00000000d5c00000,0x00000000d5c00000,0x00000000d9d00000)
  from space 5120K, 0% used [0x00000000d9d00000,0x00000000d9d00000,0x00000000da200000)
  to   space 10752K, 0% used [0x00000000de880000,0x00000000de880000,0x00000000df300000)
 ParOldGen       total 62464K, used 11173K [0x0000000081400000, 0x0000000085100000, 0x00000000d5c00000)
  object space 62464K, 17% used [0x0000000081400000,0x0000000081ee9618,0x0000000085100000)
 Metaspace       used 20714K, capacity 21128K, committed 21248K, reserved 1067008K
  class space    used 2835K, capacity 2976K, committed 3072K, reserved 1048576K
}
Event: 8.101 GC heap before
{Heap before GC invocations=7 (full 1):
 PSYoungGen      total 71680K, used 66560K [0x00000000d5c00000, 0x00000000df300000, 0x0000000100000000)
  eden space 66560K, 100% used [0x00000000d5c00000,0x00000000d9d00000,0x00000000d9d00000)
  from space 5120K, 0% used [0x00000000d9d00000,0x00000000d9d00000,0x00000000da200000)
  to   space 10752K, 0% used [0x00000000de880000,0x00000000de880000,0x00000000df300000)
 ParOldGen       total 62464K, used 11173K [0x0000000081400000, 0x0000000085100000, 0x00000000d5c00000)
  object space 62464K, 17% used [0x0000000081400000,0x0000000081ee9618,0x0000000085100000)
 Metaspace       used 26122K, capacity 26874K, committed 27136K, reserved 1073152K
  class space    used 3512K, capacity 3777K, committed 3840K, reserved 1048576K
Event: 8.118 GC heap after
Heap after GC invocations=7 (full 1):
 PSYoungGen      total 113664K, used 7049K [0x00000000d5c00000, 0x00000000def80000, 0x0000000100000000)
  eden space 106496K, 0% used [0x00000000d5c00000,0x00000000d5c00000,0x00000000dc400000)
  from space 7168K, 98% used [0x00000000de880000,0x00000000def62650,0x00000000def80000)
  to   space 10752K, 0% used [0x00000000dda80000,0x00000000dda80000,0x00000000de500000)
 ParOldGen       total 62464K, used 11245K [0x0000000081400000, 0x0000000085100000, 0x00000000d5c00000)
  object space 62464K, 18% used [0x0000000081400000,0x0000000081efb628,0x0000000085100000)
 Metaspace       used 26122K, capacity 26874K, committed 27136K, reserved 1073152K
  class space    used 3512K, capacity 3777K, committed 3840K, reserved 1048576K
}

